[2025-05-03 23:38:25,504] 1025 httpx _ INFO-HTTP Request: GET https://dagshub.com/api/v1/user "HTTP/1.1 200 OK"
[2025-05-03 23:38:25,508] 107 dagshub _ INFO-Accessing as shashank10081999
[2025-05-03 23:38:25,625] 1025 httpx _ INFO-HTTP Request: GET https://dagshub.com/api/v1/repos/shashank10081999/Network_Security_Repo "HTTP/1.1 200 OK"
[2025-05-03 23:38:25,707] 1025 httpx _ INFO-HTTP Request: GET https://dagshub.com/api/v1/user "HTTP/1.1 200 OK"
[2025-05-03 23:38:25,708] 107 dagshub _ INFO-Initialized MLflow to track repo "shashank10081999/Network_Security_Repo"
[2025-05-03 23:38:25,709] 107 dagshub _ INFO-Repository shashank10081999/Network_Security_Repo initialized!
[2025-05-03 23:38:56,809] 37 root _ INFO-Data exported to feature store at Artifacts\20250503233853\data_ingestion\feature_store\phisingData.csv
[2025-05-03 23:38:56,880] 50 root _ INFO-Train and test data exported to Artifacts\20250503233853\data_ingestion\ingested\train.csv and Artifacts\20250503233853\data_ingestion\ingested\test.csv
[2025-05-03 23:38:56,880] 34 root _ INFO-Data ingestion completed successfully.
[2025-05-03 23:38:56,880] 35 root _ INFO-Train file path: Artifacts\20250503233853\data_ingestion\ingested\train.csv
[2025-05-03 23:38:56,880] 36 root _ INFO-Test file path: Artifacts\20250503233853\data_ingestion\ingested\test.csv
[2025-05-03 23:38:56,889] 71 root _ INFO-Data Validation started
[2025-05-03 23:38:57,027] 42 root _ INFO-Data validation completed successfully.
[2025-05-03 23:38:57,096] 70 root _ INFO-Data transformation completed successfully.
[2025-05-03 23:38:57,097] 48 root _ INFO-Data transformation completed successfully.
[2025-05-03 23:40:06,463] 101 root _ INFO-Tracking MLflow metrics for the best model.
[2025-05-03 23:40:06,552] 120 root _ INFO-Model trainer artifact: ModelTrainerArtifact(trained_model_file_path='Artifacts\\20250503233853\\model_trainer\\trained_model\\model.pkl', trained_metric_artifact=ClassificationArtifact(f1_score=0.9906116213779295, precision=0.990629719893385, recall=0.9906151062867481), test_metric_artifact=ClassificationArtifact(f1_score=0.9669321619869357, precision=0.9670952321268963, recall=0.9669832654907282), best_model_file_path='final_model\\model.pkl')
[2025-05-03 23:40:06,554] 54 root _ INFO-Model training completed successfully.
[2025-05-03 23:40:06,568] 1352 botocore.credentials _ INFO-Found credentials in shared credentials file: ~/.aws/credentials
[2025-05-03 23:40:08,524] 29 root _ INFO-Successfully synced final_model to S3 bucket networksecuritybucket-shashank.
[2025-05-03 23:40:12,135] 29 root _ INFO-Successfully synced Artifacts\20250503233853 to S3 bucket networksecuritybucket-shashank.
