[2025-05-03 22:59:54,483] 1025 httpx _ INFO-HTTP Request: GET https://dagshub.com/api/v1/user "HTTP/1.1 200 OK"
[2025-05-03 22:59:54,496] 107 dagshub _ INFO-Accessing as shashank10081999
[2025-05-03 22:59:54,612] 1025 httpx _ INFO-HTTP Request: GET https://dagshub.com/api/v1/repos/shashank10081999/Network_Security_Repo "HTTP/1.1 200 OK"
[2025-05-03 22:59:54,703] 1025 httpx _ INFO-HTTP Request: GET https://dagshub.com/api/v1/user "HTTP/1.1 200 OK"
[2025-05-03 22:59:54,708] 107 dagshub _ INFO-Initialized MLflow to track repo "shashank10081999/Network_Security_Repo"
[2025-05-03 22:59:54,710] 107 dagshub _ INFO-Repository shashank10081999/Network_Security_Repo initialized!
[2025-05-03 22:59:59,194] 37 root _ INFO-Data exported to feature store at Artifacts\20250503225954\data_ingestion\feature_store\phisingData.csv
[2025-05-03 22:59:59,314] 50 root _ INFO-Train and test data exported to Artifacts\20250503225954\data_ingestion\ingested\train.csv and Artifacts\20250503225954\data_ingestion\ingested\test.csv
[2025-05-03 22:59:59,315] 27 root _ INFO-Data ingestion completed successfully.
[2025-05-03 22:59:59,316] 28 root _ INFO-Train file path: Artifacts\20250503225954\data_ingestion\ingested\train.csv
[2025-05-03 22:59:59,316] 29 root _ INFO-Test file path: Artifacts\20250503225954\data_ingestion\ingested\test.csv
[2025-05-03 22:59:59,330] 71 root _ INFO-Data Validation started
[2025-05-03 22:59:59,731] 35 root _ INFO-Data validation completed successfully.
[2025-05-03 22:59:59,870] 70 root _ INFO-Data transformation completed successfully.
[2025-05-03 22:59:59,872] 41 root _ INFO-Data transformation completed successfully.
[2025-05-03 23:02:22,380] 101 root _ INFO-Tracking MLflow metrics for the best model.
[2025-05-03 23:02:22,423] 119 root _ INFO-Model trainer artifact: ModelTrainerArtifact(trained_model_file_path='Artifacts\\20250503225954\\model_trainer\\trained_model\\model.pkl', trained_metric_artifact=ClassificationArtifact(f1_score=0.9906130888125816, precision=0.9906184836514197, recall=0.9906151062867481), test_metric_artifact=ClassificationArtifact(f1_score=0.9655854496502702, precision=0.9656752911258076, recall=0.9656264133876075), best_model_file_path='final_model\\model.pkl')
[2025-05-03 23:02:22,424] 47 root _ INFO-Model training completed successfully.
[2025-05-03 23:02:22,438] 1352 botocore.credentials _ INFO-Found credentials in shared credentials file: ~/.aws/credentials
[2025-05-03 23:02:23,548] 29 root _ INFO-Successfully synced final_model to S3 bucket networksecuritybucket-shashank.
[2025-05-03 23:02:26,215] 29 root _ INFO-Successfully synced Artifacts\20250503225954 to S3 bucket networksecuritybucket-shashank.
